<?xml version="1.0" encoding="UTF-8"?>
<!-- Generated by org.testng.reporters.JUnitReportReporter -->
<testsuite hostname="DESKTOP-HH38TVK" failures="0" tests="1" name="testdata.verifylogin" time="26.034" errors="0" timestamp="2022-09-28T11:41:30 IST" skipped="0">
  <testcase classname="testdata.verifylogin" name="login" time="26.034"/>
  <system-out/>
</testsuite> <!-- testdata.verifylogin -->
