<?xml version="1.0" encoding="UTF-8"?>
<!-- Generated by org.testng.reporters.JUnitReportReporter -->
<testsuite hostname="DESKTOP-HH38TVK" failures="0" tests="1" name="testdata.verifylogin" time="26.556" errors="0" timestamp="2022-09-18T13:48:49 IST" skipped="0">
  <testcase classname="testdata.verifylogin" name="login" time="26.556"/>
  <system-out/>
</testsuite> <!-- testdata.verifylogin -->
