<?xml version="1.0" encoding="UTF-8"?>
<!-- Generated by org.testng.reporters.JUnitReportReporter -->
<testsuite hostname="DESKTOP-HH38TVK" failures="0" tests="1" name="testdata.verifycurrencydropdown" time="18.359" errors="0" timestamp="2022-09-28T11:41:30 IST" skipped="0">
  <testcase classname="testdata.verifycurrencydropdown" name="currency" time="18.359"/>
  <system-out/>
</testsuite> <!-- testdata.verifycurrencydropdown -->
