<?xml version="1.0" encoding="UTF-8"?>
<!-- Generated by org.testng.reporters.JUnitReportReporter -->
<testsuite hostname="DESKTOP-HH38TVK" failures="0" tests="1" name="testdata.verifyregister" time="38.321" errors="0" timestamp="2022-09-18T13:46:36 IST" skipped="0">
  <testcase classname="testdata.verifyregister" name="register" time="38.321"/>
  <system-out/>
</testsuite> <!-- testdata.verifyregister -->
