<?xml version="1.0" encoding="UTF-8"?>
<!-- Generated by org.testng.reporters.JUnitReportReporter -->
<testsuite hostname="DESKTOP-HH38TVK" failures="0" tests="1" name="testdata.verifylinkstext" time="7.033" errors="0" timestamp="2022-09-28T11:41:30 IST" skipped="0">
  <testcase classname="testdata.verifylinkstext" name="verifylinktext" time="7.033"/>
  <system-out/>
</testsuite> <!-- testdata.verifylinkstext -->
