<?xml version="1.0" encoding="UTF-8"?>
<!-- Generated by org.testng.reporters.JUnitReportReporter -->
<testsuite hostname="DESKTOP-HH38TVK" failures="0" tests="1" name="testdata.verify_brokenlink" time="15.993" errors="0" timestamp="2022-09-28T11:41:30 IST" skipped="0">
  <testcase classname="testdata.verify_brokenlink" name="brokenlinks" time="15.993"/>
  <system-out/>
</testsuite> <!-- testdata.verify_brokenlink -->
